# JRE version: OpenJDK Runtime Environment Temurin-17.0.3+7 (17.0.3+7) (build 17.0.3+7)
# Java VM: OpenJDK 64-Bit Server VM Temurin-17.0.3+7 (17.0.3+7, mixed mode, tiered, compressed oops, compressed class ptrs, g1 gc, windows-amd64)
GC Precious Log:
 CPUs: 2 total, 2 available
 Memory: 2013M
 Large Page Support: Disabled
 NUMA Support: Disabled
 Compressed Oops: Enabled (32-bit)
 Heap Region Size: 1M
 Heap Min Capacity: 8M
 Heap Initial Capacity: 32M
 Heap Max Capacity: 504M
 Pre-touch: Disabled
 Parallel Workers: 2
 Concurrent Workers: 1
 Concurrent Refinement Workers: 2
 Periodic GC: Disabled
Heap:
 garbage-first heap   total 51200K, used 32061K [0x00000000e0800000, 0x0000000100000000)
  region size 1024K, 4 young (4096K), 2 survivors (2048K)
 Metaspace       used 76234K, committed 76736K, reserved 1122304K
  class space    used 10097K, committed 10304K, reserved 1048576K
GC Heap History (20 events):
Event: 29.198 GC heap before
{Heap before GC invocations=28 (full 0):
 garbage-first heap   total 43008K, used 32408K [0x00000000e0800000, 0x0000000100000000)
  region size 1024K, 10 young (10240K), 1 survivors (1024K)
 Metaspace       used 57189K, committed 57664K, reserved 1105920K
  class space    used 7306K, committed 7552K, reserved 1048576K
}
Event: 29.203 GC heap after
{Heap after GC invocations=29 (full 0):
 garbage-first heap   total 43008K, used 24299K [0x00000000e0800000, 0x0000000100000000)
  region size 1024K, 1 young (1024K), 1 survivors (1024K)
 Metaspace       used 57189K, committed 57664K, reserved 1105920K
  class space    used 7306K, committed 7552K, reserved 1048576K
}
Event: 29.697 GC heap before
{Heap before GC invocations=29 (full 0):
 garbage-first heap   total 43008K, used 33515K [0x00000000e0800000, 0x0000000100000000)
  region size 1024K, 11 young (11264K), 1 survivors (1024K)
 Metaspace       used 59226K, committed 59712K, reserved 1105920K
  class space    used 7561K, committed 7808K, reserved 1048576K
}
Event: 29.703 GC heap after
{Heap after GC invocations=30 (full 0):
 garbage-first heap   total 43008K, used 24646K [0x00000000e0800000, 0x0000000100000000)
  region size 1024K, 2 young (2048K), 2 survivors (2048K)
 Metaspace       used 59226K, committed 59712K, reserved 1105920K
  class space    used 7561K, committed 7808K, reserved 1048576K
}
Event: 30.241 GC heap before
{Heap before GC invocations=31 (full 0):
 garbage-first heap   total 46080K, used 33862K [0x00000000e0800000, 0x0000000100000000)
  region size 1024K, 12 young (12288K), 2 survivors (2048K)
 Metaspace       used 61613K, committed 62016K, reserved 1105920K
  class space    used 7876K, committed 8064K, reserved 1048576K
}
Event: 30.247 GC heap after
{Heap after GC invocations=32 (full 0):
 garbage-first heap   total 46080K, used 25024K [0x00000000e0800000, 0x0000000100000000)
  region size 1024K, 2 young (2048K), 2 survivors (2048K)
 Metaspace       used 61613K, committed 62016K, reserved 1105920K
  class space    used 7876K, committed 8064K, reserved 1048576K
}
Event: 31.185 GC heap before
{Heap before GC invocations=32 (full 0):
 garbage-first heap   total 46080K, used 37312K [0x00000000e0800000, 0x0000000100000000)
  region size 1024K, 14 young (14336K), 2 survivors (2048K)
 Metaspace       used 65499K, committed 65920K, reserved 1114112K
  class space    used 8580K, committed 8768K, reserved 1048576K
}
Event: 31.195 GC heap after
{Heap after GC invocations=33 (full 0):
 garbage-first heap   total 46080K, used 25575K [0x00000000e0800000, 0x0000000100000000)
  region size 1024K, 2 young (2048K), 2 survivors (2048K)
 Metaspace       used 65499K, committed 65920K, reserved 1114112K
  class space    used 8580K, committed 8768K, reserved 1048576K
}
Event: 32.222 GC heap before
{Heap before GC invocations=34 (full 0):
 garbage-first heap   total 46080K, used 36839K [0x00000000e0800000, 0x0000000100000000)
  region size 1024K, 14 young (14336K), 2 survivors (2048K)
 Metaspace       used 68399K, committed 68864K, reserved 1114112K
  class space    used 9058K, committed 9280K, reserved 1048576K
}
Event: 32.230 GC heap after
{Heap after GC invocations=35 (full 0):
 garbage-first heap   total 46080K, used 25933K [0x00000000e0800000, 0x0000000100000000)
  region size 1024K, 2 young (2048K), 2 survivors (2048K)
 Metaspace       used 68399K, committed 68864K, reserved 1114112K
  class space    used 9058K, committed 9280K, reserved 1048576K
}
Event: 34.232 GC heap before
{Heap before GC invocations=35 (full 0):
 garbage-first heap   total 46080K, used 38221K [0x00000000e0800000, 0x0000000100000000)
  region size 1024K, 14 young (14336K), 2 survivors (2048K)
 Metaspace       used 70759K, committed 71232K, reserved 1114112K
  class space    used 9319K, committed 9536K, reserved 1048576K
}
Event: 34.248 GC heap after
{Heap after GC invocations=36 (full 0):
 garbage-first heap   total 46080K, used 27087K [0x00000000e0800000, 0x0000000100000000)
  region size 1024K, 2 young (2048K), 2 survivors (2048K)
 Metaspace       used 70759K, committed 71232K, reserved 1114112K
  class space    used 9319K, committed 9536K, reserved 1048576K
}
Event: 34.936 GC heap before
{Heap before GC invocations=37 (full 0):
 garbage-first heap   total 48128K, used 36303K [0x00000000e0800000, 0x0000000100000000)
  region size 1024K, 12 young (12288K), 2 survivors (2048K)
 Metaspace       used 71717K, committed 72192K, reserved 1114112K
  class space    used 9504K, committed 9728K, reserved 1048576K
}
Event: 34.947 GC heap after
{Heap after GC invocations=38 (full 0):
 garbage-first heap   total 48128K, used 27856K [0x00000000e0800000, 0x0000000100000000)
  region size 1024K, 1 young (1024K), 1 survivors (1024K)
 Metaspace       used 71717K, committed 72192K, reserved 1114112K
  class space    used 9504K, committed 9728K, reserved 1048576K
}
Event: 36.562 GC heap before
{Heap before GC invocations=38 (full 0):
 garbage-first heap   total 48128K, used 39120K [0x00000000e0800000, 0x0000000100000000)
  region size 1024K, 12 young (12288K), 1 survivors (1024K)
 Metaspace       used 72958K, committed 73472K, reserved 1114112K
  class space    used 9675K, committed 9920K, reserved 1048576K
}
Event: 36.571 GC heap after
{Heap after GC invocations=39 (full 0):
 garbage-first heap   total 48128K, used 28789K [0x00000000e0800000, 0x0000000100000000)
  region size 1024K, 2 young (2048K), 2 survivors (2048K)
 Metaspace       used 72958K, committed 73472K, reserved 1114112K
  class space    used 9675K, committed 9920K, reserved 1048576K
}
Event: 39.621 GC heap before
{Heap before GC invocations=40 (full 0):
 garbage-first heap   total 51200K, used 39029K [0x00000000e0800000, 0x0000000100000000)
  region size 1024K, 12 young (12288K), 2 survivors (2048K)
 Metaspace       used 73982K, committed 74432K, reserved 1114112K
  class space    used 9800K, committed 9984K, reserved 1048576K
}
Event: 39.638 GC heap after
{Heap after GC invocations=41 (full 0):
 garbage-first heap   total 51200K, used 29534K [0x00000000e0800000, 0x0000000100000000)
  region size 1024K, 1 young (1024K), 1 survivors (1024K)
 Metaspace       used 73982K, committed 74432K, reserved 1114112K
  class space    used 9800K, committed 9984K, reserved 1048576K
}
Event: 41.355 GC heap before
{Heap before GC invocations=41 (full 0):
 garbage-first heap   total 51200K, used 42846K [0x00000000e0800000, 0x0000000100000000)
  region size 1024K, 14 young (14336K), 1 survivors (1024K)
 Metaspace       used 75903K, committed 76352K, reserved 1122304K
  class space    used 10056K, committed 10240K, reserved 1048576K
}
Event: 41.366 GC heap after
{Heap after GC invocations=42 (full 0):
 garbage-first heap   total 51200K, used 31037K [0x00000000e0800000, 0x0000000100000000)
  region size 1024K, 2 young (2048K), 2 survivors (2048K)
 Metaspace       used 75903K, committed 76352K, reserved 1122304K
  class space    used 10056K, committed 10240K, reserved 1048576K
}

